<?xml version="1.0" encoding="UTF-8"?>
<testsuite xmlns:xsi="http://www.w3.org/2001/XMLSchema-instance" xsi:schemaLocation="https://maven.apache.org/surefire/maven-surefire-plugin/xsd/surefire-test-report.xsd" name="runner.RunnerTest" time="155.57" tests="125" errors="0" skipped="0" failures="0">
  <properties>
[...]
</properties>
  <testcase name="Dado que o usuário está na página inicial" classname="Cenario: apagar processo | DELETE" time="0.004"/>
  <testcase name="E que o usuário clicar no menu processos" classname="Cenario: apagar processo | DELETE" time="0.001"/>
  <testcase name="E que o usuário clicar no menu processos" classname="Cenario: apagar processo | DELETE" time="0"/>
  <testcase name="E que o usuário clicar no botão novo processo" classname="Cenario: apagar processo | DELETE" time="0"/>
  <testcase name="E que o usuário preenche o campo &quot;vara&quot; com o valor &quot;10º vara&quot; no cadastro de processos" classname="Cenario: apagar processo | DELETE" time="0"/>
  <testcase name="E que o usuário preenche o campo &quot;número processo&quot; com o valor &quot;123456&quot; no cadastro de processos" classname="Cenario: apagar processo | DELETE" time="0.001"/>
  <testcase name="E que o usuário preenche o campo &quot;natureza&quot; com o valor &quot;separação&quot; no cadastro de processos" classname="Cenario: apagar processo | DELETE" time="0"/>
  <testcase name="E que o usuário preenche o campo &quot;partes&quot; com o valor &quot;Vingadores&quot; no cadastro de processos" classname="Cenario: apagar processo | DELETE" time="0"/>
  <testcase name="E que o usuário preenche o campo &quot;urgente&quot; com o valor &quot;Sim&quot; no cadastro de processos" classname="Cenario: apagar processo | DELETE" time="0"/>
  <testcase name="E que o usuário preenche o campo &quot;arbitramento&quot; com o valor &quot;Governo EUA&quot; no cadastro de processos" classname="Cenario: apagar processo | DELETE" time="0"/>
  <testcase name="E que o usuário preenche o campo &quot;assistente social&quot; com o valor &quot;Nick Fury&quot; no cadastro de processos" classname="Cenario: apagar processo | DELETE" time="0"/>
  <testcase name="E que o usuário preenche o campo &quot;data entrada&quot; com o valor &quot;04/04/2020&quot; no cadastro de processos" classname="Cenario: apagar processo | DELETE" time="0"/>
  <testcase name="E que o usuário preenche o campo &quot;status&quot; com o valor &quot;aberto&quot; no cadastro de processos" classname="Cenario: apagar processo | DELETE" time="0"/>
  <testcase name="E o usuário clicar no botão salvar no cadastro de processos" classname="Cenario: apagar processo | DELETE" time="0"/>
  <testcase name="E que o usuário está na página inicial" classname="Cenario: apagar processo | DELETE" time="0"/>
  <testcase name="Quando o usuário clicar no botão apagar e confirmar mensagem" classname="Cenario: apagar processo | DELETE" time="0"/>
  <testcase name="Entao o usuário não verá mais o processo na lista" classname="Cenario: apagar processo | DELETE" time="0"/>
  <testcase name="Cenario: apagar processo | DELETE" classname="Cenario: apagar processo | DELETE" time="0"/>
  <testcase name="Dado que o usuário está na página inicial" classname="Cenario: adicionar processo | POST" time="0.001"/>
  <testcase name="E que o usuário clicar no menu processos" classname="Cenario: adicionar processo | POST" time="0"/>
  <testcase name="E que o usuário clicar no botão novo processo" classname="Cenario: adicionar processo | POST" time="0"/>
  <testcase name="E que o usuário preenche o campo &quot;vara&quot; com o valor &quot;10º vara&quot; no cadastro de processos" classname="Cenario: adicionar processo | POST" time="0"/>
  <testcase name="E que o usuário preenche o campo &quot;número processo&quot; com o valor &quot;123456&quot; no cadastro de processos" classname="Cenario: adicionar processo | POST" time="0"/>
  <testcase name="E que o usuário preenche o campo &quot;natureza&quot; com o valor &quot;separação&quot; no cadastro de processos" classname="Cenario: adicionar processo | POST" time="0"/>
  <testcase name="E que o usuário preenche o campo &quot;partes&quot; com o valor &quot;Vingadores&quot; no cadastro de processos" classname="Cenario: adicionar processo | POST" time="0"/>
  <testcase name="E que o usuário preenche o campo &quot;urgente&quot; com o valor &quot;Sim&quot; no cadastro de processos" classname="Cenario: adicionar processo | POST" time="0"/>
  <testcase name="E que o usuário preenche o campo &quot;arbitramento&quot; com o valor &quot;Governo EUA&quot; no cadastro de processos" classname="Cenario: adicionar processo | POST" time="0"/>
  <testcase name="E que o usuário preenche o campo &quot;assistente social&quot; com o valor &quot;Nick Fury&quot; no cadastro de processos" classname="Cenario: adicionar processo | POST" time="0"/>
  <testcase name="E que o usuário preenche o campo &quot;data entrada&quot; com o valor &quot;04/04/2020&quot; no cadastro de processos" classname="Cenario: adicionar processo | POST" time="0"/>
  <testcase name="E que o usuário preenche o campo &quot;status&quot; com o valor &quot;aberto&quot; no cadastro de processos" classname="Cenario: adicionar processo | POST" time="0"/>
  <testcase name="Quando o usuário clicar no botão salvar no cadastro de processos" classname="Cenario: adicionar processo | POST" time="0.001"/>
  <testcase name="Entao o usuário deveria ver a mensagem &quot;Processo foi criado com sucesso.&quot; no cadastro de processos" classname="Cenario: adicionar processo | POST" time="0"/>
  <testcase name="Cenario: adicionar processo | POST" classname="Cenario: adicionar processo | POST" time="0.001"/>
  <testcase name="Dado que o usuário está na página inicial" classname="Cenario: mostrar processo | GET" time="0"/>
  <testcase name="E que o usuário clicar no menu processos" classname="Cenario: mostrar processo | GET" time="0"/>
  <testcase name="E que o usuário clicar no menu processos" classname="Cenario: mostrar processo | GET" time="0"/>
  <testcase name="E que o usuário clicar no botão novo processo" classname="Cenario: mostrar processo | GET" time="0"/>
  <testcase name="E que o usuário preenche o campo &quot;vara&quot; com o valor &quot;10º vara&quot; no cadastro de processos" classname="Cenario: mostrar processo | GET" time="0"/>
  <testcase name="E que o usuário preenche o campo &quot;número processo&quot; com o valor &quot;123456&quot; no cadastro de processos" classname="Cenario: mostrar processo | GET" time="0"/>
  <testcase name="E que o usuário preenche o campo &quot;natureza&quot; com o valor &quot;separação&quot; no cadastro de processos" classname="Cenario: mostrar processo | GET" time="0"/>
  <testcase name="E que o usuário preenche o campo &quot;partes&quot; com o valor &quot;Vingadores&quot; no cadastro de processos" classname="Cenario: mostrar processo | GET" time="0"/>
  <testcase name="E que o usuário preenche o campo &quot;urgente&quot; com o valor &quot;Sim&quot; no cadastro de processos" classname="Cenario: mostrar processo | GET" time="0"/>
  <testcase name="E que o usuário preenche o campo &quot;arbitramento&quot; com o valor &quot;Governo EUA&quot; no cadastro de processos" classname="Cenario: mostrar processo | GET" time="0"/>
  <testcase name="E que o usuário preenche o campo &quot;assistente social&quot; com o valor &quot;Nick Fury&quot; no cadastro de processos" classname="Cenario: mostrar processo | GET" time="0"/>
  <testcase name="E que o usuário preenche o campo &quot;data entrada&quot; com o valor &quot;04/04/2020&quot; no cadastro de processos" classname="Cenario: mostrar processo | GET" time="0"/>
  <testcase name="E que o usuário preenche o campo &quot;status&quot; com o valor &quot;aberto&quot; no cadastro de processos" classname="Cenario: mostrar processo | GET" time="0"/>
  <testcase name="E o usuário clicar no botão salvar no cadastro de processos" classname="Cenario: mostrar processo | GET" time="0"/>
  <testcase name="E que o usuário está na página inicial" classname="Cenario: mostrar processo | GET" time="0"/>
  <testcase name="Quando o usuário clicar no botão mostrar" classname="Cenario: mostrar processo | GET" time="0.001"/>
  <testcase name="Entao usuário deve obter o código" classname="Cenario: mostrar processo | GET" time="0"/>
  <testcase name="Cenario: mostrar processo | GET" classname="Cenario: mostrar processo | GET" time="0.001"/>
  <testcase name="Dado que o usuário está na página inicial" classname="Cenario: atualizar processo | PUT" time="0"/>
  <testcase name="E que o usuário clicar no menu processos" classname="Cenario: atualizar processo | PUT" time="0"/>
  <testcase name="E que o usuário clicar no menu processos" classname="Cenario: atualizar processo | PUT" time="0"/>
  <testcase name="E que o usuário clicar no botão novo processo" classname="Cenario: atualizar processo | PUT" time="0"/>
  <testcase name="E que o usuário preenche o campo &quot;vara&quot; com o valor &quot;10º vara&quot; no cadastro de processos" classname="Cenario: atualizar processo | PUT" time="0"/>
  <testcase name="E que o usuário preenche o campo &quot;número processo&quot; com o valor &quot;123456&quot; no cadastro de processos" classname="Cenario: atualizar processo | PUT" time="0"/>
  <testcase name="E que o usuário preenche o campo &quot;natureza&quot; com o valor &quot;separação&quot; no cadastro de processos" classname="Cenario: atualizar processo | PUT" time="0"/>
  <testcase name="E que o usuário preenche o campo &quot;partes&quot; com o valor &quot;Vingadores&quot; no cadastro de processos" classname="Cenario: atualizar processo | PUT" time="0.001"/>
  <testcase name="E que o usuário preenche o campo &quot;urgente&quot; com o valor &quot;Sim&quot; no cadastro de processos" classname="Cenario: atualizar processo | PUT" time="0.001"/>
  <testcase name="E que o usuário preenche o campo &quot;arbitramento&quot; com o valor &quot;Governo EUA&quot; no cadastro de processos" classname="Cenario: atualizar processo | PUT" time="0"/>
  <testcase name="E que o usuário preenche o campo &quot;assistente social&quot; com o valor &quot;Nick Fury&quot; no cadastro de processos" classname="Cenario: atualizar processo | PUT" time="0"/>
  <testcase name="E que o usuário preenche o campo &quot;data entrada&quot; com o valor &quot;04/04/2020&quot; no cadastro de processos" classname="Cenario: atualizar processo | PUT" time="0"/>
  <testcase name="E que o usuário preenche o campo &quot;status&quot; com o valor &quot;aberto&quot; no cadastro de processos" classname="Cenario: atualizar processo | PUT" time="0"/>
  <testcase name="E o usuário clicar no botão salvar no cadastro de processos" classname="Cenario: atualizar processo | PUT" time="0"/>
  <testcase name="E que o usuário está na página inicial" classname="Cenario: atualizar processo | PUT" time="0"/>
  <testcase name="E o usuário clicar no botão editar" classname="Cenario: atualizar processo | PUT" time="0"/>
  <testcase name="E o usuário preenche o campo vara com o valor &quot;1 vara atualizado&quot; no editar processos" classname="Cenario: atualizar processo | PUT" time="0"/>
  <testcase name="Quando o usuário clicar em salvar" classname="Cenario: atualizar processo | PUT" time="0"/>
  <testcase name="Entao o usuário deveria ver a mensagem &quot;Processo atualizado com sucesso.&quot; no editar processos" classname="Cenario: atualizar processo | PUT" time="0"/>
  <testcase name="Cenario: atualizar processo | PUT" classname="Cenario: atualizar processo | PUT" time="0"/>
  <testcase name="Dado que o usuário está na página inicial" classname="| 1º vara | 12133 | adoção | jose x maria | Não | Sim | joao | 04/04/2021 | Aguardando |" time="0"/>
  <testcase name="Dado que o usuário está na página inicial" classname="| 1º vara | 12133 | adoção | jose x maria | Não | Sim | joao | 04/04/2021 | Aguardando |" time="0"/>
  <testcase name="E que o usuário clicar no menu processos" classname="| 1º vara | 12133 | adoção | jose x maria | Não | Sim | joao | 04/04/2021 | Aguardando |" time="0"/>
  <testcase name="E que o usuário clicar no menu processos" classname="| 1º vara | 12133 | adoção | jose x maria | Não | Sim | joao | 04/04/2021 | Aguardando |" time="0"/>
  <testcase name="E que o usuário clicar no botão novo processo" classname="| 1º vara | 12133 | adoção | jose x maria | Não | Sim | joao | 04/04/2021 | Aguardando |" time="0"/>
  <testcase name="E que o usuário clicar no botão novo processo" classname="| 1º vara | 12133 | adoção | jose x maria | Não | Sim | joao | 04/04/2021 | Aguardando |" time="0"/>
  <testcase name="E que o usuário preenche o campo &quot;vara&quot; com o valor &quot;10º vara&quot; no cadastro de processos" classname="| 1º vara | 12133 | adoção | jose x maria | Não | Sim | joao | 04/04/2021 | Aguardando |" time="0"/>
  <testcase name="E que o usuário preenche o campo &quot;número processo&quot; com o valor &quot;123456&quot; no cadastro de processos" classname="| 1º vara | 12133 | adoção | jose x maria | Não | Sim | joao | 04/04/2021 | Aguardando |" time="0"/>
  <testcase name="E que o usuário preenche o campo &quot;natureza&quot; com o valor &quot;separação&quot; no cadastro de processos" classname="| 1º vara | 12133 | adoção | jose x maria | Não | Sim | joao | 04/04/2021 | Aguardando |" time="0"/>
  <testcase name="E que o usuário preenche o campo &quot;partes&quot; com o valor &quot;Vingadores&quot; no cadastro de processos" classname="| 1º vara | 12133 | adoção | jose x maria | Não | Sim | joao | 04/04/2021 | Aguardando |" time="0"/>
  <testcase name="E que o usuário preenche o campo &quot;urgente&quot; com o valor &quot;Sim&quot; no cadastro de processos" classname="| 1º vara | 12133 | adoção | jose x maria | Não | Sim | joao | 04/04/2021 | Aguardando |" time="0"/>
  <testcase name="E que o usuário preenche o campo &quot;arbitramento&quot; com o valor &quot;Governo EUA&quot; no cadastro de processos" classname="| 1º vara | 12133 | adoção | jose x maria | Não | Sim | joao | 04/04/2021 | Aguardando |" time="0"/>
  <testcase name="E que o usuário preenche o campo &quot;assistente social&quot; com o valor &quot;Nick Fury&quot; no cadastro de processos" classname="| 1º vara | 12133 | adoção | jose x maria | Não | Sim | joao | 04/04/2021 | Aguardando |" time="0"/>
  <testcase name="E que o usuário preenche o campo &quot;data entrada&quot; com o valor &quot;04/04/2020&quot; no cadastro de processos" classname="| 1º vara | 12133 | adoção | jose x maria | Não | Sim | joao | 04/04/2021 | Aguardando |" time="0"/>
  <testcase name="E que o usuário preenche o campo &quot;status&quot; com o valor &quot;aberto&quot; no cadastro de processos" classname="| 1º vara | 12133 | adoção | jose x maria | Não | Sim | joao | 04/04/2021 | Aguardando |" time="0"/>
  <testcase name="E que o usuário preenche o campo &quot;vara&quot; com o valor &quot;1º vara&quot; no cadastro de processos" classname="| 1º vara | 12133 | adoção | jose x maria | Não | Sim | joao | 04/04/2021 | Aguardando |" time="0"/>
  <testcase name="E que o usuário preenche o campo &quot;número processo&quot; com o valor &quot;12133&quot; no cadastro de processos" classname="| 1º vara | 12133 | adoção | jose x maria | Não | Sim | joao | 04/04/2021 | Aguardando |" time="0"/>
  <testcase name="E que o usuário preenche o campo &quot;natureza&quot; com o valor &quot;adoção&quot; no cadastro de processos" classname="| 1º vara | 12133 | adoção | jose x maria | Não | Sim | joao | 04/04/2021 | Aguardando |" time="0"/>
  <testcase name="E que o usuário preenche o campo &quot;partes&quot; com o valor &quot;jose x maria&quot; no cadastro de processos" classname="| 1º vara | 12133 | adoção | jose x maria | Não | Sim | joao | 04/04/2021 | Aguardando |" time="0.001"/>
  <testcase name="E que o usuário preenche o campo &quot;urgente&quot; com o valor &quot;Não&quot; no cadastro de processos" classname="| 1º vara | 12133 | adoção | jose x maria | Não | Sim | joao | 04/04/2021 | Aguardando |" time="0"/>
  <testcase name="E que o usuário preenche o campo &quot;arbitramento&quot; com o valor &quot;Sim&quot; no cadastro de processos" classname="| 1º vara | 12133 | adoção | jose x maria | Não | Sim | joao | 04/04/2021 | Aguardando |" time="0"/>
  <testcase name="E que o usuário preenche o campo &quot;assistente social&quot; com o valor &quot;joao&quot; no cadastro de processos" classname="| 1º vara | 12133 | adoção | jose x maria | Não | Sim | joao | 04/04/2021 | Aguardando |" time="0"/>
  <testcase name="E que o usuário preenche o campo &quot;data entrada&quot; com o valor &quot;04/04/2021&quot; no cadastro de processos" classname="| 1º vara | 12133 | adoção | jose x maria | Não | Sim | joao | 04/04/2021 | Aguardando |" time="0"/>
  <testcase name="E que o usuário preenche o campo &quot;status&quot; com o valor &quot;Aguardando&quot; no cadastro de processos" classname="| 1º vara | 12133 | adoção | jose x maria | Não | Sim | joao | 04/04/2021 | Aguardando |" time="0"/>
  <testcase name="Quando o usuário clicar no botão salvar no cadastro de processos" classname="| 1º vara | 12133 | adoção | jose x maria | Não | Sim | joao | 04/04/2021 | Aguardando |" time="0"/>
  <testcase name="Entao o usuário deveria ver a mensagem &quot;Processo foi criado com sucesso.&quot; no cadastro de processos" classname="| 1º vara | 12133 | adoção | jose x maria | Não | Sim | joao | 04/04/2021 | Aguardando |" time="0"/>
  <testcase name="| 1º vara | 12133 | adoção | jose x maria | Não | Sim | joao | 04/04/2021 | Aguardando |" classname="| 1º vara | 12133 | adoção | jose x maria | Não | Sim | joao | 04/04/2021 | Aguardando |" time="0"/>
  <testcase name="Dado que o usuário está na página inicial" classname="| 2º vara | 12345 | separação | manoel x renata | Sim | Não | marcio | 01/01/2021 | Finalizado |" time="0"/>
  <testcase name="Dado que o usuário está na página inicial" classname="| 2º vara | 12345 | separação | manoel x renata | Sim | Não | marcio | 01/01/2021 | Finalizado |" time="0"/>
  <testcase name="E que o usuário clicar no menu processos" classname="| 2º vara | 12345 | separação | manoel x renata | Sim | Não | marcio | 01/01/2021 | Finalizado |" time="0"/>
  <testcase name="E que o usuário clicar no menu processos" classname="| 2º vara | 12345 | separação | manoel x renata | Sim | Não | marcio | 01/01/2021 | Finalizado |" time="0"/>
  <testcase name="E que o usuário clicar no botão novo processo" classname="| 2º vara | 12345 | separação | manoel x renata | Sim | Não | marcio | 01/01/2021 | Finalizado |" time="0"/>
  <testcase name="E que o usuário clicar no botão novo processo" classname="| 2º vara | 12345 | separação | manoel x renata | Sim | Não | marcio | 01/01/2021 | Finalizado |" time="0"/>
  <testcase name="E que o usuário preenche o campo &quot;vara&quot; com o valor &quot;10º vara&quot; no cadastro de processos" classname="| 2º vara | 12345 | separação | manoel x renata | Sim | Não | marcio | 01/01/2021 | Finalizado |" time="0"/>
  <testcase name="E que o usuário preenche o campo &quot;número processo&quot; com o valor &quot;123456&quot; no cadastro de processos" classname="| 2º vara | 12345 | separação | manoel x renata | Sim | Não | marcio | 01/01/2021 | Finalizado |" time="0"/>
  <testcase name="E que o usuário preenche o campo &quot;natureza&quot; com o valor &quot;separação&quot; no cadastro de processos" classname="| 2º vara | 12345 | separação | manoel x renata | Sim | Não | marcio | 01/01/2021 | Finalizado |" time="0"/>
  <testcase name="E que o usuário preenche o campo &quot;natureza&quot; com o valor &quot;separação&quot; no cadastro de processos" classname="| 2º vara | 12345 | separação | manoel x renata | Sim | Não | marcio | 01/01/2021 | Finalizado |" time="0"/>
  <testcase name="E que o usuário preenche o campo &quot;partes&quot; com o valor &quot;Vingadores&quot; no cadastro de processos" classname="| 2º vara | 12345 | separação | manoel x renata | Sim | Não | marcio | 01/01/2021 | Finalizado |" time="0"/>
  <testcase name="E que o usuário preenche o campo &quot;urgente&quot; com o valor &quot;Sim&quot; no cadastro de processos" classname="| 2º vara | 12345 | separação | manoel x renata | Sim | Não | marcio | 01/01/2021 | Finalizado |" time="0"/>
  <testcase name="E que o usuário preenche o campo &quot;urgente&quot; com o valor &quot;Sim&quot; no cadastro de processos" classname="| 2º vara | 12345 | separação | manoel x renata | Sim | Não | marcio | 01/01/2021 | Finalizado |" time="0"/>
  <testcase name="E que o usuário preenche o campo &quot;arbitramento&quot; com o valor &quot;Governo EUA&quot; no cadastro de processos" classname="| 2º vara | 12345 | separação | manoel x renata | Sim | Não | marcio | 01/01/2021 | Finalizado |" time="0"/>
  <testcase name="E que o usuário preenche o campo &quot;assistente social&quot; com o valor &quot;Nick Fury&quot; no cadastro de processos" classname="| 2º vara | 12345 | separação | manoel x renata | Sim | Não | marcio | 01/01/2021 | Finalizado |" time="0"/>
  <testcase name="E que o usuário preenche o campo &quot;data entrada&quot; com o valor &quot;04/04/2020&quot; no cadastro de processos" classname="| 2º vara | 12345 | separação | manoel x renata | Sim | Não | marcio | 01/01/2021 | Finalizado |" time="0.001"/>
  <testcase name="E que o usuário preenche o campo &quot;status&quot; com o valor &quot;aberto&quot; no cadastro de processos" classname="| 2º vara | 12345 | separação | manoel x renata | Sim | Não | marcio | 01/01/2021 | Finalizado |" time="0"/>
  <testcase name="E que o usuário preenche o campo &quot;vara&quot; com o valor &quot;2º vara&quot; no cadastro de processos" classname="| 2º vara | 12345 | separação | manoel x renata | Sim | Não | marcio | 01/01/2021 | Finalizado |" time="0"/>
  <testcase name="E que o usuário preenche o campo &quot;número processo&quot; com o valor &quot;12345&quot; no cadastro de processos" classname="| 2º vara | 12345 | separação | manoel x renata | Sim | Não | marcio | 01/01/2021 | Finalizado |" time="0"/>
  <testcase name="E que o usuário preenche o campo &quot;partes&quot; com o valor &quot;manoel x renata&quot; no cadastro de processos" classname="| 2º vara | 12345 | separação | manoel x renata | Sim | Não | marcio | 01/01/2021 | Finalizado |" time="0"/>
  <testcase name="E que o usuário preenche o campo &quot;arbitramento&quot; com o valor &quot;Não&quot; no cadastro de processos" classname="| 2º vara | 12345 | separação | manoel x renata | Sim | Não | marcio | 01/01/2021 | Finalizado |" time="0"/>
  <testcase name="E que o usuário preenche o campo &quot;assistente social&quot; com o valor &quot;marcio&quot; no cadastro de processos" classname="| 2º vara | 12345 | separação | manoel x renata | Sim | Não | marcio | 01/01/2021 | Finalizado |" time="0"/>
  <testcase name="E que o usuário preenche o campo &quot;data entrada&quot; com o valor &quot;01/01/2021&quot; no cadastro de processos" classname="| 2º vara | 12345 | separação | manoel x renata | Sim | Não | marcio | 01/01/2021 | Finalizado |" time="0"/>
  <testcase name="E que o usuário preenche o campo &quot;status&quot; com o valor &quot;Finalizado&quot; no cadastro de processos" classname="| 2º vara | 12345 | separação | manoel x renata | Sim | Não | marcio | 01/01/2021 | Finalizado |" time="0"/>
  <testcase name="Quando o usuário clicar no botão salvar no cadastro de processos" classname="| 2º vara | 12345 | separação | manoel x renata | Sim | Não | marcio | 01/01/2021 | Finalizado |" time="0"/>
  <testcase name="Entao o usuário deveria ver a mensagem &quot;Processo foi criado com sucesso.&quot; no cadastro de processos" classname="| 2º vara | 12345 | separação | manoel x renata | Sim | Não | marcio | 01/01/2021 | Finalizado |" time="0"/>
  <testcase name="| 2º vara | 12345 | separação | manoel x renata | Sim | Não | marcio | 01/01/2021 | Finalizado |" classname="| 2º vara | 12345 | separação | manoel x renata | Sim | Não | marcio | 01/01/2021 | Finalizado |" time="0.001"/>
</testsuite>